*** Using Compiler 'V5.06 update 7 (build 960)', folder: 'D:\Software\Keil_MDK\ARM\ARMCC\Bin'
Build target 'ICBK_Darts'
assembling startup_stm32f407xx.s...
compiling stm32f4xx_hal_gpio.c...
compiling stm32f4xx_hal_flash_ramfunc.c...
compiling can.c...
compiling dma.c...
compiling stm32f4xx_hal_flash.c...
compiling gpio.c...
compiling stm32f4xx_hal_flash_ex.c...
compiling stm32f4xx_hal_msp.c...
compiling usart.c...
compiling stm32f4xx_hal_rcc.c...
compiling stm32f4xx_hal_rcc_ex.c...
compiling stm32f4xx_hal_can.c...
compiling croutine.c...
compiling freertos.c...
compiling event_groups.c...
compiling list.c...
compiling queue.c...
compiling stream_buffer.c...
compiling main.c...
compiling timers.c...
compiling tasks.c...
compiling heap_4.c...
compiling cmsis_os.c...
compiling port.c...
compiling referee_task.c...
compiling stm32f4xx_it.c...
compiling stm32f4xx_hal_pwr.c...
compiling stm32f4xx_hal_tim.c...
compiling system_stm32f4xx.c...
compiling stm32f4xx_hal_tim_ex.c...
compiling stm32f4xx_hal_dma_ex.c...
compiling stm32f4xx_hal_uart.c...
compiling stm32f4xx_hal_dma.c...
compiling user_lib.c...
compiling stm32f4xx_hal_cortex.c...
compiling stm32f4xx_hal_exti.c...
compiling stm32f4xx_hal.c...
compiling stm32f4xx_hal_pwr_ex.c...
compiling remote_control.c...
compiling yaw_task.c...
..\Task\yaw_task.h(42): error:  #67: expected a "}"
      YAW_LOCK;
..\Task\yaw_task.h(42): warning:  #375-D: declaration requires a typedef name
      YAW_LOCK;
..\Task\yaw_task.h(43): error:  #77-D: this declaration has no storage class or type specifier
      YAW_UNLOCK
..\Task\yaw_task.h(44): error:  #65: expected a ";"
  }
..\Task\yaw_task.h(50): error:  #20: identifier "yaw_control_mode_e" is undefined
      yaw_control_mode_e yaw_mode; // 状态机
..\Task\yaw_task.c(80): error:  #20: identifier "TURN_GO" is undefined
          if (yaw_control_data.yaw_mode == TURN_GO)
..\Task\yaw_task.c(82): error:  #136: struct "<unnamed>"  has no field "turn_motor_time"
              switch (yaw_control_data.turn_motor_time)
..\Task\yaw_task.c(86): error:  #136: struct "<unnamed>"  has no field "turn_target_angle"
                  yaw_control_data.turn_target_angle += PI;
..\Task\yaw_task.c(87): error:  #136: struct "<unnamed>"  has no field "turn_motor_time"
                  yaw_control_data.turn_motor_time = 1;
..\Task\yaw_task.c(93): error:  #136: struct "<unnamed>"  has no field "turn_target_angle"
                  yaw_control_data.turn_target_angle += PI / 2;
..\Task\yaw_task.c(94): error:  #136: struct "<unnamed>"  has no field "turn_motor_time"
                  yaw_control_data.turn_motor_time = 2;
..\Task\yaw_task.c(99): error:  #136: struct "<unnamed>"  has no field "turn_target_angle"
                  yaw_control_data.turn_target_angle -= PI;
..\Task\yaw_task.c(100): error:  #136: struct "<unnamed>"  has no field "turn_motor_time"
                  yaw_control_data.turn_motor_time = 3;
..\Task\yaw_task.c(105): error:  #136: struct "<unnamed>"  has no field "turn_target_angle"
                  yaw_control_data.turn_target_angle = TURN_INIT_ANGLE;
..\Task\yaw_task.c(106): error:  #136: struct "<unnamed>"  has no field "turn_motor_time"
                  yaw_control_data.turn_motor_time = 0;
..\Task\yaw_task.c(114): error:  #20: identifier "TURN_OVER" is undefined
              yaw_control_data.yaw_mode = TURN_OVER;
..\Task\yaw_task.c(127): error:  #20: identifier "TURN_READY" is undefined
      if (yaw_mode_set->yaw_mode == TURN_READY && yaw_control_data.yaw_rc->rc.s[0] == 0x01)
..\Task\yaw_task.c(129): error:  #20: identifier "TURN_GO" is undefined
          yaw_mode_set->yaw_mode = TURN_GO;
..\Task\yaw_task.c(132): error:  #20: identifier "TURN_OVER" is undefined
      if (yaw_mode_set->yaw_mode == TURN_OVER && yaw_control_data.yaw_rc->rc.s[0] == 0x03)
..\Task\yaw_task.c(134): error:  #20: identifier "TURN_READY" is undefined
          yaw_mode_set->yaw_mode = TURN_READY;
..\Task\yaw_task.c(144): error:  #20: identifier "YAW_AUTO_RUN" is undefined
          yaw_mode_set->yaw_mode = YAW_AUTO_RUN;
..\Task\yaw_task.c(149): error:  #20: identifier "TURN_READY" is undefined
          yaw_mode_set->yaw_mode = TURN_READY;
..\Task\yaw_task.c: 1 warning, 21 errors
compiling CAN_receive.c...
compiling shoot_task.c...
compiling bsp_can.c...
compiling bsp_rc.c...
compiling pid.c...
"ICBK_Darts\ICBK_Darts.axf" - 21 Error(s), 1 Warning(s).
Target not created.
Build Time Elapsed:  00:00:11
